  Assembling intel.asm...
intel.asm(19): error A2013: .MODEL must precede this directive
intel.asm(20): error A2034: must be in segment block
intel.asm(21): error A2034: must be in segment block
intel.asm(23): error A2013: .MODEL must precede this directive
intel.asm(24): error A2034: must be in segment block : CalcFilter
intel.asm(25): error A2034: must be in segment block
intel.asm(27): error A2034: must be in segment block
intel.asm(28): error A2034: must be in segment block
intel.asm(29): error A2034: must be in segment block
intel.asm(30): error A2034: must be in segment block
intel.asm(31): error A2034: must be in segment block
intel.asm(33): error A2034: must be in segment block
intel.asm(34): error A2034: must be in segment block
intel.asm(35): error A2034: must be in segment block
intel.asm(37): error A2034: must be in segment block
intel.asm(38): error A2034: must be in segment block
intel.asm(40): error A2034: must be in segment block
intel.asm(41): error A2034: must be in segment block
intel.asm(43): error A2034: must be in segment block
intel.asm(44): error A2034: must be in segment block
intel.asm(46): error A2034: must be in segment block
intel.asm(47): error A2034: must be in segment block
intel.asm(48): error A2034: must be in segment block
intel.asm(49): error A2034: must be in segment block
intel.asm(51): error A2034: must be in segment block
intel.asm(52): error A2034: must be in segment block
intel.asm(57): error A2034: must be in segment block
intel.asm(59): error A2034: must be in segment block
intel.asm(60): error A2034: must be in segment block
intel.asm(61): error A2034: must be in segment block
intel.asm(62): error A2034: must be in segment block
intel.asm(63): error A2034: must be in segment block
intel.asm(64): error A2034: must be in segment block
intel.asm(66): error A2034: must be in segment block
intel.asm(67): error A2034: must be in segment block
intel.asm(69): error A2034: must be in segment block
intel.asm(70): error A2034: must be in segment block
intel.asm(72): error A2034: must be in segment block
intel.asm(73): error A2034: must be in segment block
intel.asm(74): error A2034: must be in segment block
intel.asm(75): error A2034: must be in segment block
intel.asm(76): error A2034: must be in segment block
intel.asm(77): error A2034: must be in segment block
intel.asm(79): error A2034: must be in segment block
intel.asm(80): error A2034: must be in segment block
intel.asm(81): error A2034: must be in segment block
intel.asm(83): error A2034: must be in segment block
intel.asm(84): error A2034: must be in segment block
intel.asm(85): error A2034: must be in segment block
intel.asm(86): error A2034: must be in segment block
intel.asm(87): error A2034: must be in segment block
intel.asm(88): error A2034: must be in segment block
intel.asm(89): error A2034: must be in segment block
intel.asm(90): error A2034: must be in segment block
intel.asm(92): error A2034: must be in segment block
intel.asm(93): error A2034: must be in segment block
intel.asm(95): error A2034: must be in segment block
intel.asm(96): error A2034: must be in segment block
intel.asm(98): error A2034: must be in segment block
intel.asm(99): error A2034: must be in segment block
intel.asm(100): error A2034: must be in segment block
intel.asm(101): error A2034: must be in segment block
intel.asm(102): error A2034: must be in segment block
intel.asm(103): error A2034: must be in segment block
intel.asm(105): error A2034: must be in segment block
intel.asm(106): error A2034: must be in segment block
intel.asm(108): error A2034: must be in segment block
intel.asm(110): error A2034: must be in segment block
intel.asm(111): error A2034: must be in segment block
intel.asm(112): error A2034: must be in segment block
intel.asm(113): error A2034: must be in segment block
intel.asm(114): error A2034: must be in segment block
intel.asm(116): error A2034: must be in segment block
intel.asm(117): error A2034: must be in segment block
intel.asm(119): error A2034: must be in segment block
intel.asm(120): error A2034: must be in segment block
intel.asm(121): error A2034: must be in segment block
intel.asm(122): error A2034: must be in segment block
intel.asm(123): error A2034: must be in segment block
intel.asm(124): error A2034: must be in segment block
intel.asm(126): error A2034: must be in segment block
intel.asm(127): error A2034: must be in segment block
intel.asm(129): error A2034: must be in segment block
intel.asm(131): error A2034: must be in segment block
intel.asm(132): error A2034: must be in segment block
intel.asm(133): error A2034: must be in segment block
intel.asm(134): error A2034: must be in segment block
intel.asm(135): error A2034: must be in segment block
intel.asm(136): error A2034: must be in segment block
intel.asm(137): error A2034: must be in segment block
intel.asm(139): error A2034: must be in segment block
intel.asm(140): error A2034: must be in segment block
intel.asm(142): error A2034: must be in segment block
intel.asm(143): error A2034: must be in segment block
intel.asm(145): error A2034: must be in segment block
intel.asm(146): error A2034: must be in segment block
intel.asm(147): error A2034: must be in segment block
intel.asm(148): error A2034: must be in segment block
intel.asm(149): error A2034: must be in segment block
intel.asm(150): error A2034: must be in segment block
intel.asm(152): fatal error A1012: error count exceeds 100; stopping assembly
D:\Program Files (x86)\Microsoft Visual Studio\2017\Community\Common7\IDE\VC\VCTargets\BuildCustomizations\masm.targets(69,5): error MSB3721: Polecenie ml.exe /c /nologo /Zi /Fo"Debug\intel.obj" /W3 /errorReport:prompt  /Taintel.asm zostało zakończone; kod błędu: 1.
